<?xml version="1.0" encoding="UTF-8"?>
<!-- Generated by org.testng.reporters.JUnitReportReporter -->
<testsuite hostname="DESKTOP-28GAF12" failures="0" tests="1" name="loginpackage.LoginSection" time="0.746" errors="0" timestamp="2024-03-25T22:37:42 VET" skipped="0">
  <testcase classname="loginpackage.LoginSection" name="testValidLogin" time="0.746"/>
  <system-out/>
</testsuite> <!-- loginpackage.LoginSection -->
