<?xml version="1.0" encoding="UTF-8"?>
<!-- Generated by org.testng.reporters.JUnitReportReporter -->
<testsuite hostname="DESKTOP-28GAF12" failures="0" tests="4" name="bankpackage.LoginSection" time="24.554" errors="0" timestamp="2024-03-29T01:41:32 VET" skipped="0">
  <testcase classname="bankpackage.LoginSection" name="testInvalidUser" time="5.127"/>
  <system-out/>
  <testcase classname="bankpackage.LoginSection" name="testValidLogin" time="8.158"/>
  <system-out/>
  <testcase classname="bankpackage.LoginSection" name="testInvalidPassword" time="5.278"/>
  <system-out/>
  <testcase classname="bankpackage.LoginSection" name="testInvalidUserAndPassword" time="5.991"/>
  <system-out/>
</testsuite> <!-- bankpackage.LoginSection -->
