<?xml version="1.0" encoding="UTF-8"?>
<!-- Generated by org.testng.reporters.JUnitReportReporter -->
<testsuite hostname="DESKTOP-28GAF12" failures="0" tests="4" name="bankpackage.LoginSection" time="25.204" errors="0" timestamp="2024-03-31T19:09:38 VET" skipped="0">
  <testcase classname="bankpackage.LoginSection" name="testLoginSection" time="7.096"/>
  <system-out/>
  <testcase classname="bankpackage.LoginSection" name="testLoginSection" time="5.520"/>
  <system-out/>
  <testcase classname="bankpackage.LoginSection" name="testLoginSection" time="5.584"/>
  <system-out/>
  <testcase classname="bankpackage.LoginSection" name="testLoginSection" time="7.004"/>
  <system-out/>
</testsuite> <!-- bankpackage.LoginSection -->
