<?xml version="1.0" encoding="UTF-8"?>
<!-- Generated by org.testng.reporters.JUnitReportReporter -->
<testsuite hostname="DESKTOP-28GAF12" failures="0" tests="1" name="firsttestngpackage.FirstTestNGFile" time="9.518" errors="0" timestamp="2024-03-25T22:06:59 VET" skipped="0">
  <testcase classname="firsttestngpackage.FirstTestNGFile" name="verifyHomepageTitle" time="9.518"/>
  <system-out/>
</testsuite> <!-- firsttestngpackage.FirstTestNGFile -->
