<?xml version="1.0" encoding="UTF-8"?>
<!-- Generated by org.testng.reporters.JUnitReportReporter -->
<testsuite hostname="DESKTOP-28GAF12" failures="0" tests="1" name="bankpackage.LoginSection" time="1.367" errors="0" timestamp="2024-03-28T13:42:43 VET" skipped="0">
  <testcase classname="bankpackage.LoginSection" name="testValidLogin" time="1.367"/>
  <system-out/>
</testsuite> <!-- bankpackage.LoginSection -->
